  5.2.cpp
C:\Users\Yrmek\source\repos\Functions-lab-5-\5.2\Header.h(20,15): warning C4244: аргумент: преобразование "time_t" в "unsigned int", возможна потеря данных
C:\Users\Yrmek\source\repos\Functions-lab-5-\5.2\Header.h(28,15): warning C4244: аргумент: преобразование "time_t" в "unsigned int", возможна потеря данных
C:\Users\Yrmek\source\repos\Functions-lab-5-\5.2\Header.h(30,27): warning C4244: =: преобразование "int" в "float", возможна потеря данных
C:\Users\Yrmek\source\repos\Functions-lab-5-\5.2\Header.h(47,15): warning C4244: аргумент: преобразование "time_t" в "unsigned int", возможна потеря данных
C:\Users\Yrmek\source\repos\Functions-lab-5-\5.2\5.2.cpp(28,9): message : выполняется компиляция ссылки на экземпляр шаблон функции "T up<float>(T [])"
          with
          [
              T=float
          ]
C:\Users\Yrmek\source\repos\Functions-lab-5-\5.2\Header.h(48,24): warning C4244: =: преобразование "int" в "T", возможна потеря данных
          with
          [
              T=float
          ]
C:\Users\Yrmek\source\repos\Functions-lab-5-\5.2\Header.h(84,15): warning C4244: инициализация: преобразование "T" в "int", возможна потеря данных
          with
          [
              T=float
          ]
C:\Users\Yrmek\source\repos\Functions-lab-5-\5.2\5.2.cpp(35,9): message : выполняется компиляция ссылки на экземпляр шаблон функции "T InsertSort<float,int>(T [],K &,K &)"
          with
          [
              T=float,
              K=int
          ]
C:\Users\Yrmek\source\repos\Functions-lab-5-\5.2\Header.h(96,24): warning C4244: =: преобразование "int" в "T", возможна потеря данных
          with
          [
              T=float
          ]
C:\Users\Yrmek\source\repos\Functions-lab-5-\5.2\Header.h(99,26): warning C4244: return: преобразование "K" в "T", возможна потеря данных
          with
          [
              K=int
          ]
          and
          [
              T=float
          ]
C:\Users\Yrmek\source\repos\Functions-lab-5-\5.2\Header.h(60,17): warning C4244: инициализация: преобразование "T" в "int", возможна потеря данных
          with
          [
              T=float
          ]
C:\Users\Yrmek\source\repos\Functions-lab-5-\5.2\5.2.cpp(43,9): message : выполняется компиляция ссылки на экземпляр шаблон функции "T SampleSort<float,int>(T [],K &,K &)"
          with
          [
              T=float,
              K=int
          ]
C:\Users\Yrmek\source\repos\Functions-lab-5-\5.2\Header.h(67,30): warning C4244: =: преобразование "T" в "int", возможна потеря данных
          with
          [
              T=float
          ]
C:\Users\Yrmek\source\repos\Functions-lab-5-\5.2\Header.h(72,24): warning C4244: =: преобразование "int" в "T", возможна потеря данных
          with
          [
              T=float
          ]
C:\Users\Yrmek\source\repos\Functions-lab-5-\5.2\Header.h(77,28): warning C4244: return: преобразование "K" в "T", возможна потеря данных
          with
          [
              K=int
          ]
          and
          [
              T=float
          ]
C:\Users\Yrmek\source\repos\Functions-lab-5-\5.2\Header.h(36,15): warning C4244: аргумент: преобразование "time_t" в "unsigned int", возможна потеря данных
C:\Users\Yrmek\source\repos\Functions-lab-5-\5.2\5.2.cpp(76,9): message : выполняется компиляция ссылки на экземпляр шаблон функции "T down<float>(T [])"
          with
          [
              T=float
          ]
C:\Users\Yrmek\source\repos\Functions-lab-5-\5.2\Header.h(37,25): warning C4244: =: преобразование "int" в "T", возможна потеря данных
          with
          [
              T=float
          ]
  5.2.vcxproj -> C:\Users\Yrmek\Source\Repos\Functions-lab-5-\x64\Debug\5.2.exe
